build/app/outputs/mapping/release/mapping.txt
# compiler: R8
# compiler_version: 2.1.62
# min_api: 16
# pg_map_id: be31062
# common_typos_disable
...
io.flutter.embedding.engine.systemchannels.TextInputChannel$1 -> io.flutter.embedding.engine.i.m$a:
    io.flutter.embedding.engine.systemchannels.TextInputChannel this$0 -> a
    void onMethodCall(io.flutter.plugin.common.MethodCall,io.flutter.plugin.common.MethodChannel$Result) -> b
io.flutter.embedding.engine.systemchannels.TextInputChannel$Configuration -> io.flutter.embedding.engine.i.m$b:
    java.lang.String actionLabel -> g
    java.lang.Integer inputAction -> f
    io.flutter.embedding.engine.systemchannels.TextInputChannel$Configuration[] fields -> i
    io.flutter.embedding.engine.systemchannels.TextInputChannel$InputType inputType -> e
    io.flutter.embedding.engine.systemchannels.TextInputChannel$Configuration$Autofill autofill -> h
    boolean obscureText -> a
    boolean autocorrect -> b
    boolean enableSuggestions -> c
    io.flutter.embedding.engine.systemchannels.TextInputChannel$TextCapitalization textCapitalization -> d
    io.flutter.embedding.engine.systemchannels.TextInputChannel$Configuration fromJson(org.json.JSONObject) -> a
    java.lang.Integer inputActionFromTextInputAction(java.lang.String) -> b
io.flutter.embedding.engine.systemchannels.TextInputChannel$Configuration$Autofill -> io.flutter.embedding.engine.i.m$b$a:
    io.flutter.embedding.engine.systemchannels.TextInputChannel$TextEditState editState -> c
    java.lang.String uniqueIdentifier -> a
    java.lang.String[] hints -> b
    io.flutter.embedding.engine.systemchannels.TextInputChannel$Configuration$Autofill fromJson(org.json.JSONObject) -> a
    java.lang.String translateAutofillHint(java.lang.String) -> b
io.flutter.embedding.engine.systemchannels.TextInputChannel$InputType -> io.flutter.embedding.engine.i.m$c:
    io.flutter.embedding.engine.systemchannels.TextInputChannel$TextInputType type -> a
    boolean isSigned -> b
    boolean isDecimal -> c
    io.flutter.embedding.engine.systemchannels.TextInputChannel$InputType fromJson(org.json.JSONObject) -> a
io.flutter.embedding.engine.systemchannels.TextInputChannel$TextCapitalization -> io.flutter.embedding.engine.i.m$d:
    io.flutter.embedding.engine.systemchannels.TextInputChannel$TextCapitalization CHARACTERS -> b
    io.flutter.embedding.engine.systemchannels.TextInputChannel$TextCapitalization WORDS -> c
    io.flutter.embedding.engine.systemchannels.TextInputChannel$TextCapitalization[] $VALUES -> f
    java.lang.String encodedName -> a
    io.flutter.embedding.engine.systemchannels.TextInputChannel$TextCapitalization SENTENCES -> d
    io.flutter.embedding.engine.systemchannels.TextInputChannel$TextCapitalization NONE -> e
    io.flutter.embedding.engine.systemchannels.TextInputChannel$TextCapitalization fromValue(java.lang.String) -> a
io.flutter.embedding.engine.systemchannels.TextInputChannel$TextEditState -> io.flutter.embedding.engine.i.m$e:
    java.lang.String text -> a
    int composingStart -> d
    int composingEnd -> e
    int selectionStart -> b
    int selectionEnd -> c
    io.flutter.embedding.engine.systemchannels.TextInputChannel$TextEditState fromJson(org.json.JSONObject) -> a
io.flutter.embedding.engine.systemchannels.TextInputChannel$TextInputMethodHandler -> io.flutter.embedding.engine.i.m$f:
    void sendAppPrivateCommand(java.lang.String,android.os.Bundle) -> a
    void requestAutofill() -> b
    void clearClient() -> c
    void show() -> d
    void setPlatformViewClient(int) -> e
    void setClient(int,io.flutter.embedding.engine.systemchannels.TextInputChannel$Configuration) -> f
    void setEditableSizeAndTransform(double,double,double[]) -> g
    void finishAutofillContext(boolean) -> h
    void hide() -> i
    void setEditingState(io.flutter.embedding.engine.systemchannels.TextInputChannel$TextEditState) -> j