build/app/outputs/mapping/release/usage.txt
com.example.grid_arity.R$styleable
com.example.grid_arity.R$drawable
com.example.grid_arity.R$layout
com.example.grid_arity.R$string
com.example.grid_arity.R
com.example.grid_arity.R$mipmap
com.example.grid_arity.R$color
com.example.grid_arity.R$attr
com.example.grid_arity.R$dimen
com.example.grid_arity.R$id
com.example.grid_arity.R$style
com.example.grid_arity.R$integer
com.example.grid_arity.BuildConfig
...
com.google.common.base.CharMatcher$BitSetMatcher
com.google.common.util.concurrent.Striped$WeakSafeReadWriteLock
androidx.test.internal.util.Checks$1
com.google.common.graph.DirectedMultiNetworkConnections$1
com.google.common.util.concurrent.AtomicLongMap$1
androidx.test.espresso.util.ActivityLifecycles
com.google.errorprone.annotations.concurrent.LazyInit
kotlin.jvm.internal.ArrayCharIterator
org.junit.internal.runners.rules.RuleMemberValidator
androidx.lifecycle.ComputableLiveData$1
kotlin.sequences.SequencesKt__SequencesKt$generateSequence$1
com.google.common.collect.HashBiMap$View$1
com.google.common.collect.TreeRangeMap$1
org.junit.experimental.categories.ExcludeCategories
kotlin.text.SystemProperties
com.google.common.collect.Multisets$EntrySet
androidx.fragment.app.FragmentManagerImpl$StartEnterTransitionListener
androidx.core.app.NotificationCompat$Builder
io.flutter.plugin.platform.PlatformPlugin:
    public void <init>(android.app.Activity,io.flutter.embedding.engine.systemchannels.PlatformChannel)
    public static final int DEFAULT_SYSTEM_UI
    private static final java.lang.String TAG
com.google.common.reflect.TypeToken$TypeFilter$2
kotlin.collections.AbstractList$ListIteratorImpl
com.google.common.primitives.Longs$AsciiDigits
org.junit.internal.builders.AnnotatedBuilder
androidx.core.graphics.TypefaceCompatApi21Impl
com.google.common.collect.AbstractSortedMultiset$1DescendingMultisetImpl
kotlin.text.MatchResult$DefaultImpls
androidx.lifecycle.LiveData$1
com.google.common.base.Equivalence$Wrapper
androidx.test.espresso.remote.Bindable
org.junit.runners.parameterized.BlockJUnit4ClassRunnerWithParameters
androidx.test.orchestrator.callback.OrchestratorCallback
com.google.common.base.Predicates$ContainsPatternFromStringPredicate
io.flutter.embedding.engine.loader.ResourceExtractor$ExtractTask
com.google.common.collect.Maps$FilteredEntryMap$EntrySet$1$1
org.junit.experimental.theories.internal.AllMembersSupplier
kotlin.properties.ReadWriteProperty
androidx.loader.content.ModernAsyncTask$Status
androidx.core.view.ViewCompat
androidx.test.espresso.action.AdapterViewProtocol$DataFunction
com.google.common.util.concurrent.ForwardingExecutorService
androidx.test.runner.permission.RequestPermissionCallable$Result
androidx.fragment.app.FragmentManagerImpl$FragmentTag
com.google.common.collect.HashBiMap$View
androidx.core.os.CancellationSignal
androidx.core.app.NotificationCompat$BadgeIconType
com.google.common.collect.Sets$4$1
org.junit.runner.JUnitCore
androidx.test.espresso.remote.EspressoRemoteMessage$To
org.jetbrains.annotations.NotNull
androidx.test.internal.runner.InstrumentationConnection$IncomingHandler$2
androidx.test.espresso.Espresso$TransitionBridgingViewAction
com.google.common.io.Files$FilePredicate$1
com.google.common.util.concurrent.AbstractScheduledService
kotlin.comparisons.ComparisonsKt__ComparisonsKt$thenByDescending$1
com.google.common.collect.NaturalOrdering
androidx.test.runner.MonitoringInstrumentation$ActivityFinisher
androidx.fragment.app.FragmentState
android.support.v4.os.IResultReceiver$Stub
androidx.test.runner.intent.IntentStubberRegistry
kotlin.text.RegexOption
com.google.common.collect.LinkedHashMultimap$ValueSet$1
android.support.v4.app.INotificationSideChannel$Stub$Proxy
com.google.common.collect.ImmutableMultimap$Builder
com.google.common.collect.AbstractTable
androidx.test.espresso.core.internal.deps.guava.cache.LocalCache$Values
androidx.lifecycle.MediatorLiveData
com.google.common.util.concurrent.AbstractService$4
kotlin.ULongKt
androidx.test.orchestrator.junit.ParcelableResult
kotlin.jvm.internal.ArrayFloatIterator
kotlin.jvm.internal.Lambda
org.hamcrest.core.AnyOf
io.flutter.embedding.engine.dart.DartMessenger:
    public void send(java.lang.String,java.nio.ByteBuffer)
    public int getPendingChannelResponseCount()
    private static final java.lang.String TAG
androidx.test.espresso.core.internal.deps.guava.collect.ByFunctionOrdering
com.google.common.collect.ImmutableMapEntrySet